#
# There is insufficient memory for the Java Runtime Environment to continue.
# Native memory allocation (mmap) failed to map 201326592 bytes for G1 virtual space
# Possible reasons:
#   The system is out of physical RAM or swap space
#   The process is running with CompressedOops enabled, and the Java Heap may be blocking the growth of the native heap
# Possible solutions:
#   Reduce memory load on the system
#   Increase physical memory or swap space
#   Check if swap backing store is full
#   Decrease Java heap size (-Xmx/-Xms)
#   Decrease number of Java threads
#   Decrease Java thread stack sizes (-Xss)
#   Set larger code cache with -XX:ReservedCodeCacheSize=
#   JVM is running with Zero Based Compressed Oops mode in which the Java heap is
#     placed in the first 32GB address space. The Java Heap base address is the
#     maximum limit for the native heap growth. Please use -XX:HeapBaseMinAddress
#     to set the Java Heap base and to place the Java Heap above 32GB virtual address.
# This output file may be truncated or incomplete.
#
#  Out of Memory Error (os_windows.cpp:3469), pid=14400, tid=31844
#
# JRE version:  (17.0.1+12) (build )
# Java VM: OpenJDK 64-Bit Server VM (17.0.1+12, mixed mode, sharing, tiered, compressed oops, compressed class ptrs, g1 gc, windows-amd64)
# No core dump will be written. Minidumps are not enabled by default on client versions of Windows
#

---------------  S U M M A R Y ------------

Command Line: C:\Users\Admin\AppData\Local\Temp\surefire2448736582912710994\surefirebooter-20240202181259259_3.jar C:\Users\Admin\AppData\Local\Temp\surefire2448736582912710994 2024-02-02T18-12-59_019-jvmRun1 surefire-20240202181259259_1tmp surefire_0-20240202181259259_2tmp

Host: Intel(R) Core(TM) i7-8550U CPU @ 1.80GHz, 8 cores, 11G,  Windows 10 , 64 bit Build 19041 (10.0.19041.3636)
Time: Fri Feb  2 18:12:59 2024 India Standard Time elapsed time: 0.032689 seconds (0d 0h 0m 0s)

---------------  T H R E A D  ---------------

Current thread (0x000001c107e8e980):  JavaThread "Unknown thread" [_thread_in_vm, id=31844, stack(0x000000a1a5500000,0x000000a1a5600000)]

Stack: [0x000000a1a5500000,0x000000a1a5600000]
Native frames: (J=compiled Java code, j=interpreted, Vv=VM code, C=native code)
V  [jvm.dll+0x6744da]
V  [jvm.dll+0x82e144]
V  [jvm.dll+0x82f8ee]
V  [jvm.dll+0x82ff53]
V  [jvm.dll+0x245175]
V  [jvm.dll+0x6714c9]
V  [jvm.dll+0x665f92]
V  [jvm.dll+0x303c3b]
V  [jvm.dll+0x30b176]
V  [jvm.dll+0x35af1e]
V  [jvm.dll+0x35b14f]
V  [jvm.dll+0x2dab78]
V  [jvm.dll+0x2dbae4]
V  [jvm.dll+0x7ffdf1]
V  [jvm.dll+0x368c91]
V  [jvm.dll+0x7df2cc]
V  [jvm.dll+0x3eb59f]
V  [jvm.dll+0x3ed121]
C  [jli.dll+0x5277]
C  [ucrtbase.dll+0x21bb2]
C  [KERNEL32.DLL+0x17344]
C  [ntdll.dll+0x526b1]


---------------  P R O C E S S  ---------------

Threads class SMR info:
_java_thread_list=0x00007ff9dfdd4e58, length=0, elements={
}

Java Threads: ( => current thread )

Other Threads:
  0x000001c10a120080 GCTaskThread "GC Thread#0" [stack: 0x000000a1a5600000,0x000000a1a5700000] [id=28936]
  0x000001c10a12de50 ConcurrentGCThread "G1 Main Marker" [stack: 0x000000a1a5700000,0x000000a1a5800000] [id=24020]
  0x000001c10a12f000 ConcurrentGCThread "G1 Conc#0" [stack: 0x000000a1a5800000,0x000000a1a5900000] [id=11224]

[error occurred during error reporting (printing all threads), id 0xc0000005, EXCEPTION_ACCESS_VIOLATION (0xc0000005) at pc=0x00007ff9df5ab5f7]

VM state: not at safepoint (not fully initialized)

VM Mutex/Monitor currently owned by a thread:  ([mutex/lock_event])
[0x000001c10a0d7bc0] Heap_lock - owner thread: 0x000001c107e8e980

Heap address: 0x0000000741800000, size: 3048 MB, Compressed Oops mode: Zero based, Oop shift amount: 3

CDS archive(s) mapped at: [0x0000000000000000-0x0000000000000000-0x0000000000000000), size 0, SharedBaseAddress: 0x0000000800000000, ArchiveRelocationMode: 0.
Narrow klass base: 0x0000000000000000, Narrow klass shift: 0, Narrow klass range: 0x0

GC Precious Log:
<Empty>

Heap:
 garbage-first heap   total 0K, used 0K [0x0000000741800000, 0x0000000800000000)
  region size 2048K, 0 young (0K), 0 survivors (0K)

[error occurred during error reporting (printing heap information), id 0xc0000005, EXCEPTION_ACCESS_VIOLATION (0xc0000005) at pc=0x00007ff9df98d729]

GC Heap History (0 events):
No events

Deoptimization events (0 events):
No events

Classes unloaded (0 events):
No events

Classes redefined (0 events):
No events

Internal exceptions (0 events):
No events

VM Operations (0 events):
No events

Events (1 events):
Event: 0.020 Loaded shared library D:\SW1\sts\sts-4.13.1.RELEASE\plugins\org.eclipse.justj.openjdk.hotspot.jre.full.win32.x86_64_17.0.1.v20211116-1657\jre\bin\java.dll


Dynamic libraries:
0x00007ff7ff9b0000 - 0x00007ff7ff9be000 	D:\SW1\sts\sts-4.13.1.RELEASE\plugins\org.eclipse.justj.openjdk.hotspot.jre.full.win32.x86_64_17.0.1.v20211116-1657\jre\bin\java.exe
0x00007ffa62fd0000 - 0x00007ffa631c8000 	C:\Windows\SYSTEM32\ntdll.dll
0x00007ffa61e60000 - 0x00007ffa61f1d000 	C:\Windows\System32\KERNEL32.DLL
0x00007ffa60c90000 - 0x00007ffa60f86000 	C:\Windows\System32\KERNELBASE.dll
0x00007ffa60b90000 - 0x00007ffa60c90000 	C:\Windows\System32\ucrtbase.dll
0x00007ffa53550000 - 0x00007ffa53569000 	D:\SW1\sts\sts-4.13.1.RELEASE\plugins\org.eclipse.justj.openjdk.hotspot.jre.full.win32.x86_64_17.0.1.v20211116-1657\jre\bin\VCRUNTIME140.dll
0x00007ffa4d520000 - 0x00007ffa4d538000 	D:\SW1\sts\sts-4.13.1.RELEASE\plugins\org.eclipse.justj.openjdk.hotspot.jre.full.win32.x86_64_17.0.1.v20211116-1657\jre\bin\jli.dll
0x00007ffa61cc0000 - 0x00007ffa61e5e000 	C:\Windows\System32\USER32.dll
0x00007ffa60b30000 - 0x00007ffa60b52000 	C:\Windows\System32\win32u.dll
0x00007ffa568e0000 - 0x00007ffa56b7a000 	C:\Windows\WinSxS\amd64_microsoft.windows.common-controls_6595b64144ccf1df_6.0.19041.3636_none_60b6a03d71f818d5\COMCTL32.dll
0x00007ffa61020000 - 0x00007ffa6104c000 	C:\Windows\System32\GDI32.dll
0x00007ffa62550000 - 0x00007ffa625ee000 	C:\Windows\System32\msvcrt.dll
0x00007ffa60810000 - 0x00007ffa6092a000 	C:\Windows\System32\gdi32full.dll
0x00007ffa60930000 - 0x00007ffa609cd000 	C:\Windows\System32\msvcp_win.dll
0x00007ffa62240000 - 0x00007ffa62270000 	C:\Windows\System32\IMM32.DLL
0x0000000059270000 - 0x000000005927c000 	C:\Program Files (x86)\360\Total Security\safemon\SafeWrapper.dll
0x00007ffa3f210000 - 0x00007ffa3f21c000 	D:\SW1\sts\sts-4.13.1.RELEASE\plugins\org.eclipse.justj.openjdk.hotspot.jre.full.win32.x86_64_17.0.1.v20211116-1657\jre\bin\vcruntime140_1.dll
0x00007ffa23ef0000 - 0x00007ffa23f81000 	D:\SW1\sts\sts-4.13.1.RELEASE\plugins\org.eclipse.justj.openjdk.hotspot.jre.full.win32.x86_64_17.0.1.v20211116-1657\jre\bin\msvcp140.dll
0x00007ff9df2c0000 - 0x00007ff9dff06000 	D:\SW1\sts\sts-4.13.1.RELEASE\plugins\org.eclipse.justj.openjdk.hotspot.jre.full.win32.x86_64_17.0.1.v20211116-1657\jre\bin\server\jvm.dll
0x00007ffa62180000 - 0x00007ffa62233000 	C:\Windows\System32\ADVAPI32.dll
0x00007ffa61930000 - 0x00007ffa619cf000 	C:\Windows\System32\sechost.dll
0x00007ffa62420000 - 0x00007ffa62546000 	C:\Windows\System32\RPCRT4.dll
0x00007ffa60b60000 - 0x00007ffa60b87000 	C:\Windows\System32\bcrypt.dll
0x00007ffa61f30000 - 0x00007ffa61f38000 	C:\Windows\System32\PSAPI.DLL
0x00007ffa55320000 - 0x00007ffa55329000 	C:\Windows\SYSTEM32\WSOCK32.dll
0x00007ffa56700000 - 0x00007ffa56727000 	C:\Windows\SYSTEM32\WINMM.dll
0x00007ffa619d0000 - 0x00007ffa61a3b000 	C:\Windows\System32\WS2_32.dll
0x00007ffa60130000 - 0x00007ffa6013a000 	C:\Windows\SYSTEM32\VERSION.dll
0x00007ffa5eec0000 - 0x00007ffa5eed2000 	C:\Windows\SYSTEM32\kernel.appcore.dll
0x00007ffa505e0000 - 0x00007ffa505ea000 	D:\SW1\sts\sts-4.13.1.RELEASE\plugins\org.eclipse.justj.openjdk.hotspot.jre.full.win32.x86_64_17.0.1.v20211116-1657\jre\bin\jimage.dll
0x00007ffa5eb80000 - 0x00007ffa5ed64000 	C:\Windows\SYSTEM32\DBGHELP.DLL
0x00007ffa595b0000 - 0x00007ffa595e4000 	C:\Windows\SYSTEM32\dbgcore.DLL
0x00007ffa60f90000 - 0x00007ffa61012000 	C:\Windows\System32\bcryptPrimitives.dll
0x00007ffa1c850000 - 0x00007ffa1c875000 	D:\SW1\sts\sts-4.13.1.RELEASE\plugins\org.eclipse.justj.openjdk.hotspot.jre.full.win32.x86_64_17.0.1.v20211116-1657\jre\bin\java.dll

dbghelp: loaded successfully - version: 4.0.5 - missing functions: none
symbol engine: initialized successfully - sym options: 0x614 - pdb path: .;D:\SW1\sts\sts-4.13.1.RELEASE\plugins\org.eclipse.justj.openjdk.hotspot.jre.full.win32.x86_64_17.0.1.v20211116-1657\jre\bin;C:\Windows\SYSTEM32;C:\Windows\WinSxS\amd64_microsoft.windows.common-controls_6595b64144ccf1df_6.0.19041.3636_none_60b6a03d71f818d5;C:\Program Files (x86)\360\Total Security\safemon;D:\SW1\sts\sts-4.13.1.RELEASE\plugins\org.eclipse.justj.openjdk.hotspot.jre.full.win32.x86_64_17.0.1.v20211116-1657\jre\bin\server

VM Arguments:
java_command: C:\Users\Admin\AppData\Local\Temp\surefire2448736582912710994\surefirebooter-20240202181259259_3.jar C:\Users\Admin\AppData\Local\Temp\surefire2448736582912710994 2024-02-02T18-12-59_019-jvmRun1 surefire-20240202181259259_1tmp surefire_0-20240202181259259_2tmp
java_class_path (initial): C:\Users\Admin\AppData\Local\Temp\surefire2448736582912710994\surefirebooter-20240202181259259_3.jar
Launcher Type: SUN_STANDARD

[Global flags]
     intx CICompilerCount                          = 4                                         {product} {ergonomic}
     uint ConcGCThreads                            = 2                                         {product} {ergonomic}
     uint G1ConcRefinementThreads                  = 8                                         {product} {ergonomic}
   size_t G1HeapRegionSize                         = 2097152                                   {product} {ergonomic}
    uintx GCDrainStackTargetSize                   = 64                                        {product} {ergonomic}
   size_t InitialHeapSize                          = 201326592                                 {product} {ergonomic}
   size_t MarkStackSize                            = 4194304                                   {product} {ergonomic}
   size_t MaxHeapSize                              = 3196059648                                {product} {ergonomic}
   size_t MinHeapDeltaBytes                        = 2097152                                   {product} {ergonomic}
   size_t MinHeapSize                              = 8388608                                   {product} {ergonomic}
    uintx NonNMethodCodeHeapSize                   = 5839372                                {pd product} {ergonomic}
    uintx NonProfiledCodeHeapSize                  = 122909434                              {pd product} {ergonomic}
    uintx ProfiledCodeHeapSize                     = 122909434                              {pd product} {ergonomic}
    uintx ReservedCodeCacheSize                    = 251658240                              {pd product} {ergonomic}
     bool SegmentedCodeCache                       = true                                      {product} {ergonomic}
   size_t SoftMaxHeapSize                          = 3196059648                             {manageable} {ergonomic}
     bool UseCompressedClassPointers               = true                           {product lp64_product} {ergonomic}
     bool UseCompressedOops                        = true                           {product lp64_product} {ergonomic}
     bool UseG1GC                                  = true                                      {product} {ergonomic}
     bool UseLargePagesIndividualAllocation        = false                                  {pd product} {ergonomic}

Logging:
Log output configuration:
 #0: stdout all=warning uptime,level,tags
 #1: stderr all=off uptime,level,tags

Environment Variables:
PATH=D:/SW1/sts/sts-4.13.1.RELEASE//plugins/org.eclipse.justj.openjdk.hotspot.jre.full.win32.x86_64_17.0.1.v20211116-1657/jre/bin/server;D:/SW1/sts/sts-4.13.1.RELEASE//plugins/org.eclipse.justj.openjdk.hotspot.jre.full.win32.x86_64_17.0.1.v20211116-1657/jre/bin;C:\Program Files\Common Files\Oracle\Java\javapath;C:\ProgramData\Oracle\Java\javapath;C:\Windows\system32;C:\Windows;C:\Windows\System32\Wbem;C:\Windows\System32\WindowsPowerShell\v1.0\;C:\Windows\System32\OpenSSH\;C:\Program Files\Microsoft VS Code\bin;C:\Program Files\TortoiseSVN\bin;node_modules\npm\bin;C:\Users\Admin\AppData\Roaming\nvm;C:\Program Files\nodejs;C:\Program Files\dotnet\;C:\Program Files\Microsoft SQL Server\130\Tools\Binn\;C:\Program Files\Microsoft SQL Server\Client SDK\ODBC\170\Tools\Binn\;C:\Program Files\WireGuard\;C:\Program Files (x86)\Microsoft SQL Server\90\Tools\binn\;C:\Program Files\PuTTY\;C:\Program Files\Git\cmd;C:\Users\Admin\AppData\Local\Microsoft\WindowsApps;C:\ProgramData\Admin\GitHubDesktop\bin;C:\Users\Admin\AppData\Local\GitHubDesktop\bin;C:\Users\Admin\AppData\Roaming\npm;C:\Users\Admin\AppData\Roaming\nvm;C:\Program Files\nodejs;C:\Users\Admin\.dotnet\tools;C:\Program Files\MongoDB\Server\7.0\bin;C:\flutter\bin;C:\Program Files\heroku\bin;D:\SW1\sts\sts-4.13.1.RELEASE;
USERNAME=Admin
OS=Windows_NT
PROCESSOR_IDENTIFIER=Intel64 Family 6 Model 142 Stepping 10, GenuineIntel



---------------  S Y S T E M  ---------------

OS:
 Windows 10 , 64 bit Build 19041 (10.0.19041.3636)
OS uptime: 3 days 0:18 hours

CPU: total 8 (initial active 8) (4 cores per cpu, 2 threads per core) family 6 model 142 stepping 10 microcode 0xf0, cx8, cmov, fxsr, ht, mmx, 3dnowpref, sse, sse2, sse3, ssse3, sse4.1, sse4.2, popcnt, lzcnt, tsc, tscinvbit, avx, avx2, aes, erms, clmul, bmi1, bmi2, adx, fma, vzeroupper, clflush, clflushopt

Memory: 4k page, system-wide physical 12185M (332M free)
TotalPageFile size 37729M (AvailPageFile size 123M)
current process WorkingSet (physical memory assigned to process): 10M, peak: 10M
current process commit charge ("private bytes"): 59M, peak: 251M

vm_info: OpenJDK 64-Bit Server VM (17.0.1+12) for windows-amd64 JRE (17.0.1+12), built on Oct 20 2021 07:42:55 by "" with MS VC++ 16.7 (VS2019)

END.
