#
# There is insufficient memory for the Java Runtime Environment to continue.
# Native memory allocation (malloc) failed to allocate 2136480 bytes for Chunk::new
# Possible reasons:
#   The system is out of physical RAM or swap space
#   The process is running with CompressedOops enabled, and the Java Heap may be blocking the growth of the native heap
# Possible solutions:
#   Reduce memory load on the system
#   Increase physical memory or swap space
#   Check if swap backing store is full
#   Decrease Java heap size (-Xmx/-Xms)
#   Decrease number of Java threads
#   Decrease Java thread stack sizes (-Xss)
#   Set larger code cache with -XX:ReservedCodeCacheSize=
#   JVM is running with Zero Based Compressed Oops mode in which the Java heap is
#     placed in the first 32GB address space. The Java Heap base address is the
#     maximum limit for the native heap growth. Please use -XX:HeapBaseMinAddress
#     to set the Java Heap base and to place the Java Heap above 32GB virtual address.
# This output file may be truncated or incomplete.
#
#  Out of Memory Error (arena.cpp:189), pid=32708, tid=8860
#
# JRE version: OpenJDK Runtime Environment Temurin-17.0.1+12 (17.0.1+12) (build 17.0.1+12)
# Java VM: OpenJDK 64-Bit Server VM Temurin-17.0.1+12 (17.0.1+12, mixed mode, tiered, compressed oops, compressed class ptrs, g1 gc, windows-amd64)
# No core dump will be written. Minidumps are not enabled by default on client versions of Windows
#

---------------  S U M M A R Y ------------

Command Line: C:\Users\Admin\AppData\Local\Temp\surefire13344087296876804190\surefirebooter-20240202182620123_3.jar C:\Users\Admin\AppData\Local\Temp\surefire13344087296876804190 2024-02-02T18-26-19_898-jvmRun1 surefire-20240202182620123_1tmp surefire_0-20240202182620123_2tmp

Host: Intel(R) Core(TM) i7-8550U CPU @ 1.80GHz, 8 cores, 11G,  Windows 10 , 64 bit Build 19041 (10.0.19041.3636)
Time: Fri Feb  2 18:26:29 2024 India Standard Time elapsed time: 8.603878 seconds (0d 0h 0m 8s)

---------------  T H R E A D  ---------------

Current thread (0x0000027f3544dca0):  JavaThread "C2 CompilerThread0" daemon [_thread_in_native, id=8860, stack(0x000000a114600000,0x000000a114700000)]


Current CompileTask:
C2:   8604 5209       4       jdk.internal.org.objectweb.asm.Frame::execute (2305 bytes)

Stack: [0x000000a114600000,0x000000a114700000]
Native frames: (J=compiled Java code, j=interpreted, Vv=VM code, C=native code)
V  [jvm.dll+0x6744da]
V  [jvm.dll+0x82e144]
V  [jvm.dll+0x82f8ee]
V  [jvm.dll+0x82ff53]
V  [jvm.dll+0x245175]
V  [jvm.dll+0xab85b]
V  [jvm.dll+0xabdec]
V  [jvm.dll+0x362f07]
V  [jvm.dll+0x32d4c1]
V  [jvm.dll+0x32c96a]
V  [jvm.dll+0x218031]
V  [jvm.dll+0x217451]
V  [jvm.dll+0x1a355d]
V  [jvm.dll+0x226e38]
V  [jvm.dll+0x224f7c]
V  [jvm.dll+0x7e3f5b]
V  [jvm.dll+0x7de51a]
V  [jvm.dll+0x673305]
C  [ucrtbase.dll+0x21bb2]
C  [KERNEL32.DLL+0x17344]
C  [ntdll.dll+0x526b1]


---------------  P R O C E S S  ---------------

Threads class SMR info:
_java_thread_list=0x0000027f39a97fd0, length=17, elements={
0x0000027f161fea60, 0x0000027f34876e00, 0x0000027f34879f00, 0x0000027f3543bf50,
0x0000027f3543d820, 0x0000027f354400f0, 0x0000027f3544cfc0, 0x0000027f3544dca0,
0x0000027f3544e690, 0x0000027f35451870, 0x0000027f355b18c0, 0x0000027f355c7010,
0x0000027f357f71f0, 0x0000027f35b520a0, 0x0000027f36ed9a90, 0x0000027f39346ed0,
0x0000027f39346530
}

Java Threads: ( => current thread )
  0x0000027f161fea60 JavaThread "main" [_thread_in_Java, id=19792, stack(0x000000a113900000,0x000000a113a00000)]
  0x0000027f34876e00 JavaThread "Reference Handler" daemon [_thread_blocked, id=19960, stack(0x000000a114000000,0x000000a114100000)]
  0x0000027f34879f00 JavaThread "Finalizer" daemon [_thread_blocked, id=10188, stack(0x000000a114100000,0x000000a114200000)]
  0x0000027f3543bf50 JavaThread "Signal Dispatcher" daemon [_thread_blocked, id=36072, stack(0x000000a114200000,0x000000a114300000)]
  0x0000027f3543d820 JavaThread "Attach Listener" daemon [_thread_blocked, id=19528, stack(0x000000a114300000,0x000000a114400000)]
  0x0000027f354400f0 JavaThread "Service Thread" daemon [_thread_blocked, id=26120, stack(0x000000a114400000,0x000000a114500000)]
  0x0000027f3544cfc0 JavaThread "Monitor Deflation Thread" daemon [_thread_blocked, id=13968, stack(0x000000a114500000,0x000000a114600000)]
=>0x0000027f3544dca0 JavaThread "C2 CompilerThread0" daemon [_thread_in_native, id=8860, stack(0x000000a114600000,0x000000a114700000)]
  0x0000027f3544e690 JavaThread "C1 CompilerThread0" daemon [_thread_blocked, id=23568, stack(0x000000a114700000,0x000000a114800000)]
  0x0000027f35451870 JavaThread "Sweeper thread" daemon [_thread_blocked, id=16232, stack(0x000000a114800000,0x000000a114900000)]
  0x0000027f355b18c0 JavaThread "Notification Thread" daemon [_thread_blocked, id=14996, stack(0x000000a114900000,0x000000a114a00000)]
  0x0000027f355c7010 JavaThread "Common-Cleaner" daemon [_thread_blocked, id=16472, stack(0x000000a114b00000,0x000000a114c00000)]
  0x0000027f357f71f0 JavaThread "surefire-forkedjvm-stream-flusher" daemon [_thread_blocked, id=21900, stack(0x000000a114c00000,0x000000a114d00000)]
  0x0000027f35b520a0 JavaThread "surefire-forkedjvm-command-thread" daemon [_thread_in_native, id=1516, stack(0x000000a114d00000,0x000000a114e00000)]
  0x0000027f36ed9a90 JavaThread "mysql-cj-abandoned-connection-cleanup" daemon [_thread_blocked, id=31672, stack(0x000000a115700000,0x000000a115800000)]
  0x0000027f39346ed0 JavaThread "HikariPool-1 housekeeper" daemon [_thread_blocked, id=17036, stack(0x000000a115900000,0x000000a115a00000)]
  0x0000027f39346530 JavaThread "HikariPool-1 connection adder" daemon [_thread_blocked, id=5192, stack(0x000000a115a00000,0x000000a115b00000)]

Other Threads:
  0x0000027f34894620 VMThread "VM Thread" [stack: 0x000000a113f00000,0x000000a114000000] [id=3052]
  0x0000027f35511c80 WatcherThread [stack: 0x000000a114a00000,0x000000a114b00000] [id=22968]
  0x0000027f1835d8c0 GCTaskThread "GC Thread#0" [stack: 0x000000a113a00000,0x000000a113b00000] [id=27924]
  0x0000027f3697a220 GCTaskThread "GC Thread#1" [stack: 0x000000a114f00000,0x000000a115000000] [id=15060]
  0x0000027f3697a4d0 GCTaskThread "GC Thread#2" [stack: 0x000000a115000000,0x000000a115100000] [id=15728]
  0x0000027f3697a780 GCTaskThread "GC Thread#3" [stack: 0x000000a115100000,0x000000a115200000] [id=34832]
  0x0000027f35fcbe00 GCTaskThread "GC Thread#4" [stack: 0x000000a115200000,0x000000a115300000] [id=34716]
  0x0000027f36d1d3b0 GCTaskThread "GC Thread#5" [stack: 0x000000a115300000,0x000000a115400000] [id=23900]
  0x0000027f37278d80 GCTaskThread "GC Thread#6" [stack: 0x000000a115400000,0x000000a115500000] [id=13944]
  0x0000027f373913e0 GCTaskThread "GC Thread#7" [stack: 0x000000a115500000,0x000000a115600000] [id=33980]
  0x0000027f1836b690 ConcurrentGCThread "G1 Main Marker" [stack: 0x000000a113b00000,0x000000a113c00000] [id=36828]
  0x0000027f1836d850 ConcurrentGCThread "G1 Conc#0" [stack: 0x000000a113c00000,0x000000a113d00000] [id=26500]
  0x0000027f38bf6d50 ConcurrentGCThread "G1 Conc#1" [stack: 0x000000a115600000,0x000000a115700000] [id=32144]
  0x0000027f183e2360 ConcurrentGCThread "G1 Refine#0" [stack: 0x000000a113d00000,0x000000a113e00000] [id=19644]
  0x0000027f183e2d80 ConcurrentGCThread "G1 Service" [stack: 0x000000a113e00000,0x000000a113f00000] [id=1840]

Threads with active compile tasks:
C2 CompilerThread0     8688 5209       4       jdk.internal.org.objectweb.asm.Frame::execute (2305 bytes)

VM state: not at safepoint (normal execution)

VM Mutex/Monitor currently owned by a thread: None

Heap address: 0x0000000741800000, size: 3048 MB, Compressed Oops mode: Zero based, Oop shift amount: 3

CDS archive(s) not mapped
Compressed class space mapped at: 0x0000000800000000-0x0000000840000000, reserved size: 1073741824
Narrow klass base: 0x0000000800000000, Narrow klass shift: 0, Narrow klass range: 0x40000000

GC Precious Log:
 CPUs: 8 total, 8 available
 Memory: 12185M
 Large Page Support: Disabled
 NUMA Support: Disabled
 Compressed Oops: Enabled (Zero based)
 Heap Region Size: 2M
 Heap Min Capacity: 8M
 Heap Initial Capacity: 192M
 Heap Max Capacity: 3048M
 Pre-touch: Disabled
 Parallel Workers: 8
 Concurrent Workers: 2
 Concurrent Refinement Workers: 8
 Periodic GC: Disabled

Heap:
 garbage-first heap   total 90112K, used 24911K [0x0000000741800000, 0x0000000800000000)
  region size 2048K, 5 young (10240K), 3 survivors (6144K)
 Metaspace       used 60324K, committed 60800K, reserved 1105920K
  class space    used 7884K, committed 8128K, reserved 1048576K

Heap Regions: E=young(eden), S=young(survivor), O=old, HS=humongous(starts), HC=humongous(continues), CS=collection set, F=free, OA=open archive, CA=closed archive, TAMS=top-at-mark-start (previous, next)
|   0|0x0000000741800000, 0x0000000741a00000, 0x0000000741a00000|100%| O|  |TAMS 0x0000000741a00000, 0x0000000741800000| Untracked 
|   1|0x0000000741a00000, 0x0000000741c00000, 0x0000000741c00000|100%| O|  |TAMS 0x0000000741c00000, 0x0000000741a00000| Untracked 
|   2|0x0000000741c00000, 0x0000000741e00000, 0x0000000741e00000|100%| O|  |TAMS 0x0000000741e00000, 0x0000000741c00000| Untracked 
|   3|0x0000000741e00000, 0x0000000742000000, 0x0000000742000000|100%| O|  |TAMS 0x0000000742000000, 0x0000000741e00000| Untracked 
|   4|0x0000000742000000, 0x0000000742200000, 0x0000000742200000|100%| O|  |TAMS 0x0000000742200000, 0x0000000742000000| Untracked 
|   5|0x0000000742200000, 0x0000000742400000, 0x0000000742400000|100%| O|  |TAMS 0x0000000742400000, 0x0000000742200000| Untracked 
|   6|0x0000000742400000, 0x0000000742400000, 0x0000000742600000|  0%| F|  |TAMS 0x0000000742400000, 0x0000000742400000| Untracked 
|   7|0x0000000742600000, 0x0000000742800000, 0x0000000742800000|100%| O|  |TAMS 0x0000000742800000, 0x0000000742600000| Untracked 
|   8|0x0000000742800000, 0x0000000742a00000, 0x0000000742a00000|100%| O|  |TAMS 0x0000000742a00000, 0x0000000742800000| Untracked 
|   9|0x0000000742a00000, 0x0000000742ba8a00, 0x0000000742c00000| 82%| O|  |TAMS 0x0000000742ba8a00, 0x0000000742a00000| Complete 
|  10|0x0000000742c00000, 0x0000000742c00000, 0x0000000742e00000|  0%| F|  |TAMS 0x0000000742c00000, 0x0000000742c00000| Untracked 
|  11|0x0000000742e00000, 0x0000000742e00000, 0x0000000743000000|  0%| F|  |TAMS 0x0000000742e00000, 0x0000000742e00000| Untracked 
|  12|0x0000000743000000, 0x0000000743000000, 0x0000000743200000|  0%| F|  |TAMS 0x0000000743000000, 0x0000000743000000| Untracked 
|  13|0x0000000743200000, 0x0000000743200000, 0x0000000743400000|  0%| F|  |TAMS 0x0000000743200000, 0x0000000743200000| Untracked 
|  14|0x0000000743400000, 0x0000000743400000, 0x0000000743600000|  0%| F|  |TAMS 0x0000000743400000, 0x0000000743400000| Untracked 
|  15|0x0000000743600000, 0x0000000743600000, 0x0000000743800000|  0%| F|  |TAMS 0x0000000743600000, 0x0000000743600000| Untracked 
|  16|0x0000000743800000, 0x0000000743800000, 0x0000000743a00000|  0%| F|  |TAMS 0x0000000743800000, 0x0000000743800000| Untracked 
|  17|0x0000000743a00000, 0x0000000743a00000, 0x0000000743c00000|  0%| F|  |TAMS 0x0000000743a00000, 0x0000000743a00000| Untracked 
|  18|0x0000000743c00000, 0x0000000743c00000, 0x0000000743e00000|  0%| F|  |TAMS 0x0000000743c00000, 0x0000000743c00000| Untracked 
|  19|0x0000000743e00000, 0x0000000743e00000, 0x0000000744000000|  0%| F|  |TAMS 0x0000000743e00000, 0x0000000743e00000| Untracked 
|  20|0x0000000744000000, 0x0000000744000000, 0x0000000744200000|  0%| F|  |TAMS 0x0000000744000000, 0x0000000744000000| Untracked 
|  21|0x0000000744200000, 0x0000000744200000, 0x0000000744400000|  0%| F|  |TAMS 0x0000000744200000, 0x0000000744200000| Untracked 
|  22|0x0000000744400000, 0x0000000744400000, 0x0000000744600000|  0%| F|  |TAMS 0x0000000744400000, 0x0000000744400000| Untracked 
|  23|0x0000000744600000, 0x0000000744600000, 0x0000000744800000|  0%| F|  |TAMS 0x0000000744600000, 0x0000000744600000| Untracked 
|  24|0x0000000744800000, 0x0000000744800000, 0x0000000744a00000|  0%| F|  |TAMS 0x0000000744800000, 0x0000000744800000| Untracked 
|  25|0x0000000744a00000, 0x0000000744aab270, 0x0000000744c00000| 33%| S|CS|TAMS 0x0000000744a00000, 0x0000000744a00000| Complete 
|  26|0x0000000744c00000, 0x0000000744e00000, 0x0000000744e00000|100%| S|CS|TAMS 0x0000000744c00000, 0x0000000744c00000| Complete 
|  27|0x0000000744e00000, 0x0000000745000000, 0x0000000745000000|100%| S|CS|TAMS 0x0000000744e00000, 0x0000000744e00000| Complete 
|  28|0x0000000745000000, 0x0000000745000000, 0x0000000745200000|  0%| F|  |TAMS 0x0000000745000000, 0x0000000745000000| Untracked 
|  29|0x0000000745200000, 0x0000000745200000, 0x0000000745400000|  0%| F|  |TAMS 0x0000000745200000, 0x0000000745200000| Untracked 
|  30|0x0000000745400000, 0x0000000745400000, 0x0000000745600000|  0%| F|  |TAMS 0x0000000745400000, 0x0000000745400000| Untracked 
|  31|0x0000000745600000, 0x0000000745600000, 0x0000000745800000|  0%| F|  |TAMS 0x0000000745600000, 0x0000000745600000| Untracked 
|  32|0x0000000745800000, 0x0000000745800000, 0x0000000745a00000|  0%| F|  |TAMS 0x0000000745800000, 0x0000000745800000| Untracked 
|  33|0x0000000745a00000, 0x0000000745a00000, 0x0000000745c00000|  0%| F|  |TAMS 0x0000000745a00000, 0x0000000745a00000| Untracked 
|  34|0x0000000745c00000, 0x0000000745c00000, 0x0000000745e00000|  0%| F|  |TAMS 0x0000000745c00000, 0x0000000745c00000| Untracked 
|  35|0x0000000745e00000, 0x0000000745e00000, 0x0000000746000000|  0%| F|  |TAMS 0x0000000745e00000, 0x0000000745e00000| Untracked 
|  36|0x0000000746000000, 0x0000000746000000, 0x0000000746200000|  0%| F|  |TAMS 0x0000000746000000, 0x0000000746000000| Untracked 
|  37|0x0000000746200000, 0x0000000746200000, 0x0000000746400000|  0%| F|  |TAMS 0x0000000746200000, 0x0000000746200000| Untracked 
|  38|0x0000000746400000, 0x0000000746400000, 0x0000000746600000|  0%| F|  |TAMS 0x0000000746400000, 0x0000000746400000| Untracked 
|  39|0x0000000746600000, 0x0000000746600000, 0x0000000746800000|  0%| F|  |TAMS 0x0000000746600000, 0x0000000746600000| Untracked 
|  40|0x0000000746800000, 0x0000000746800000, 0x0000000746a00000|  0%| F|  |TAMS 0x0000000746800000, 0x0000000746800000| Untracked 
|  41|0x0000000746a00000, 0x0000000746a00000, 0x0000000746c00000|  0%| F|  |TAMS 0x0000000746a00000, 0x0000000746a00000| Untracked 
|  42|0x0000000746c00000, 0x0000000746d00800, 0x0000000746e00000| 50%| E|  |TAMS 0x0000000746c00000, 0x0000000746c00000| Complete 
|  95|0x000000074d600000, 0x000000074d800000, 0x000000074d800000|100%| E|CS|TAMS 0x000000074d600000, 0x000000074d600000| Complete 

Card table byte_map: [0x0000027f2b2f0000,0x0000027f2b8f0000] _byte_map_base: 0x0000027f278e4000

Marking Bits (Prev, Next): (CMBitMap*) 0x0000027f1835ef20, (CMBitMap*) 0x0000027f1835eee0
 Prev Bits: [0x0000027f2ee90000, 0x0000027f31e30000)
 Next Bits: [0x0000027f2bef0000, 0x0000027f2ee90000)

Polling page: 0x0000027f16290000

Metaspace:

Usage:
  Non-class:     51.22 MB used.
      Class:      7.70 MB used.
       Both:     58.93 MB used.

Virtual space:
  Non-class space:       56.00 MB reserved,      51.44 MB ( 92%) committed,  7 nodes.
      Class space:        1.00 GB reserved,       7.94 MB ( <1%) committed,  1 nodes.
             Both:        1.05 GB reserved,      59.38 MB (  5%) committed. 

Chunk freelists:
   Non-Class:  256.00 KB
       Class:  111.00 KB
        Both:  367.00 KB

MaxMetaspaceSize: unlimited
CompressedClassSpaceSize: 1.00 GB
Initial GC threshold: 21.00 MB
Current GC threshold: 98.75 MB
CDS: off
MetaspaceReclaimPolicy: balanced
 - commit_granule_bytes: 65536.
 - commit_granule_words: 8192.
 - virtual_space_node_default_size: 1048576.
 - enlarge_chunks_in_place: 1.
 - new_chunks_are_fully_committed: 0.
 - uncommit_free_chunks: 1.
 - use_allocation_guard: 0.
 - handle_deallocations: 1.


Internal statistics:

num_allocs_failed_limit: 9.
num_arena_births: 562.
num_arena_deaths: 0.
num_vsnodes_births: 8.
num_vsnodes_deaths: 0.
num_space_committed: 950.
num_space_uncommitted: 0.
num_chunks_returned_to_freelist: 9.
num_chunks_taken_from_freelist: 2458.
num_chunk_merges: 9.
num_chunk_splits: 1770.
num_chunks_enlarged: 1382.
num_purges: 0.
num_inconsistent_stats: 0.

CodeHeap 'non-profiled nmethods': size=120000Kb used=3065Kb max_used=3065Kb free=116934Kb
 bounds [0x0000027f23490000, 0x0000027f23790000, 0x0000027f2a9c0000]
CodeHeap 'profiled nmethods': size=120000Kb used=10670Kb max_used=10670Kb free=109329Kb
 bounds [0x0000027f1bf60000, 0x0000027f1c9d0000, 0x0000027f23490000]
CodeHeap 'non-nmethods': size=5760Kb used=1298Kb max_used=1336Kb free=4461Kb
 bounds [0x0000027f1b9c0000, 0x0000027f1bc30000, 0x0000027f1bf60000]
 total_blobs=5905 nmethods=5285 adapters=531
 compilation: enabled
              stopped_count=0, restarted_count=0
 full_count=0

Compilation events (20 events):
Event: 8.571 Thread 0x0000027f3544e690 5294       1       org.hibernate.persister.entity.AbstractEntityPersister::getStaticFetchableList (5 bytes)
Event: 8.571 Thread 0x0000027f3544e690 nmethod 5294 0x0000027f23789790 code [0x0000027f23789920, 0x0000027f237899f8]
Event: 8.571 Thread 0x0000027f3544e690 5295       1       org.hibernate.loader.ast.internal.LoaderSqlAstCreationState::getSqlExpressionResolver (5 bytes)
Event: 8.572 Thread 0x0000027f3544e690 nmethod 5295 0x0000027f23789a90 code [0x0000027f23789c20, 0x0000027f23789cf8]
Event: 8.572 Thread 0x0000027f3544e690 5296       3       org.hibernate.sql.ast.tree.expression.ColumnReference::<init> (100 bytes)
Event: 8.572 Thread 0x0000027f3544e690 nmethod 5296 0x0000027f1c9c9610 code [0x0000027f1c9c9860, 0x0000027f1c9ca388]
Event: 8.572 Thread 0x0000027f3544e690 5297       1       org.hibernate.metamodel.model.domain.internal.JpaMetamodelImpl::getTypeConfiguration (5 bytes)
Event: 8.572 Thread 0x0000027f3544e690 nmethod 5297 0x0000027f23789d90 code [0x0000027f23789f20, 0x0000027f23789ff8]
Event: 8.572 Thread 0x0000027f3544e690 5298       1       org.hibernate.metamodel.internal.RuntimeMetamodelsImpl::getMappingMetamodel (5 bytes)
Event: 8.572 Thread 0x0000027f3544e690 nmethod 5298 0x0000027f2378a090 code [0x0000027f2378a220, 0x0000027f2378a2f8]
Event: 8.573 Thread 0x0000027f3544e690 5299       1       org.hibernate.query.sqm.sql.internal.SqlAstProcessingStateImpl::getParentState (5 bytes)
Event: 8.573 Thread 0x0000027f3544e690 nmethod 5299 0x0000027f2378a390 code [0x0000027f2378a520, 0x0000027f2378a5f8]
Event: 8.573 Thread 0x0000027f3544e690 5300       1       org.hibernate.sql.results.internal.SqlSelectionImpl::getValuesArrayPosition (5 bytes)
Event: 8.573 Thread 0x0000027f3544e690 nmethod 5300 0x0000027f2378a690 code [0x0000027f2378a820, 0x0000027f2378a8f8]
Event: 8.573 Thread 0x0000027f3544e690 5301       1       org.hibernate.type.BasicType::getValueConverter (2 bytes)
Event: 8.573 Thread 0x0000027f3544e690 nmethod 5301 0x0000027f2378a990 code [0x0000027f2378ab20, 0x0000027f2378abf8]
Event: 8.573 Thread 0x0000027f3544e690 5302       1       org.hibernate.sql.results.graph.Fetch::asFetchParent (2 bytes)
Event: 8.573 Thread 0x0000027f3544e690 nmethod 5302 0x0000027f2378ac90 code [0x0000027f2378ae20, 0x0000027f2378aef8]
Event: 8.573 Thread 0x0000027f3544e690 5303       1       org.hibernate.sql.results.internal.SqlSelectionImpl::isVirtual (5 bytes)
Event: 8.573 Thread 0x0000027f3544e690 nmethod 5303 0x0000027f2378af90 code [0x0000027f2378b120, 0x0000027f2378b1f8]

GC Heap History (20 events):
Event: 3.279 GC heap before
{Heap before GC invocations=5 (full 0):
 garbage-first heap   total 49152K, used 13289K [0x0000000741800000, 0x0000000800000000)
  region size 2048K, 2 young (4096K), 1 survivors (2048K)
 Metaspace       used 26865K, committed 27072K, reserved 1073152K
  class space    used 3092K, committed 3200K, reserved 1048576K
}
Event: 3.284 GC heap after
{Heap after GC invocations=6 (full 0):
 garbage-first heap   total 49152K, used 11389K [0x0000000741800000, 0x0000000800000000)
  region size 2048K, 1 young (2048K), 1 survivors (2048K)
 Metaspace       used 26865K, committed 27072K, reserved 1073152K
  class space    used 3092K, committed 3200K, reserved 1048576K
}
Event: 3.875 GC heap before
{Heap before GC invocations=6 (full 0):
 garbage-first heap   total 49152K, used 25725K [0x0000000741800000, 0x0000000800000000)
  region size 2048K, 9 young (18432K), 1 survivors (2048K)
 Metaspace       used 29817K, committed 30144K, reserved 1081344K
  class space    used 3509K, committed 3648K, reserved 1048576K
}
Event: 3.879 GC heap after
{Heap after GC invocations=7 (full 0):
 garbage-first heap   total 49152K, used 12757K [0x0000000741800000, 0x0000000800000000)
  region size 2048K, 1 young (2048K), 1 survivors (2048K)
 Metaspace       used 29817K, committed 30144K, reserved 1081344K
  class space    used 3509K, committed 3648K, reserved 1048576K
}
Event: 3.902 GC heap before
{Heap before GC invocations=7 (full 0):
 garbage-first heap   total 49152K, used 29141K [0x0000000741800000, 0x0000000800000000)
  region size 2048K, 10 young (20480K), 1 survivors (2048K)
 Metaspace       used 29922K, committed 30208K, reserved 1081344K
  class space    used 3523K, committed 3648K, reserved 1048576K
}
Event: 3.905 GC heap after
{Heap after GC invocations=8 (full 0):
 garbage-first heap   total 49152K, used 12891K [0x0000000741800000, 0x0000000800000000)
  region size 2048K, 1 young (2048K), 1 survivors (2048K)
 Metaspace       used 29922K, committed 30208K, reserved 1081344K
  class space    used 3523K, committed 3648K, reserved 1048576K
}
Event: 3.913 GC heap before
{Heap before GC invocations=8 (full 0):
 garbage-first heap   total 49152K, used 31323K [0x0000000741800000, 0x0000000800000000)
  region size 2048K, 11 young (22528K), 1 survivors (2048K)
 Metaspace       used 29943K, committed 30208K, reserved 1081344K
  class space    used 3526K, committed 3648K, reserved 1048576K
}
Event: 3.916 GC heap after
{Heap after GC invocations=9 (full 0):
 garbage-first heap   total 49152K, used 12836K [0x0000000741800000, 0x0000000800000000)
  region size 2048K, 1 young (2048K), 1 survivors (2048K)
 Metaspace       used 29943K, committed 30208K, reserved 1081344K
  class space    used 3526K, committed 3648K, reserved 1048576K
}
Event: 3.924 GC heap before
{Heap before GC invocations=9 (full 0):
 garbage-first heap   total 49152K, used 31268K [0x0000000741800000, 0x0000000800000000)
  region size 2048K, 11 young (22528K), 1 survivors (2048K)
 Metaspace       used 29949K, committed 30208K, reserved 1081344K
  class space    used 3527K, committed 3648K, reserved 1048576K
}
Event: 3.927 GC heap after
{Heap after GC invocations=10 (full 0):
 garbage-first heap   total 98304K, used 13022K [0x0000000741800000, 0x0000000800000000)
  region size 2048K, 1 young (2048K), 1 survivors (2048K)
 Metaspace       used 29949K, committed 30208K, reserved 1081344K
  class space    used 3527K, committed 3648K, reserved 1048576K
}
Event: 3.986 GC heap before
{Heap before GC invocations=10 (full 0):
 garbage-first heap   total 98304K, used 66270K [0x0000000741800000, 0x0000000800000000)
  region size 2048K, 28 young (57344K), 1 survivors (2048K)
 Metaspace       used 29951K, committed 30208K, reserved 1081344K
  class space    used 3528K, committed 3648K, reserved 1048576K
}
Event: 3.989 GC heap after
{Heap after GC invocations=11 (full 0):
 garbage-first heap   total 98304K, used 13041K [0x0000000741800000, 0x0000000800000000)
  region size 2048K, 1 young (2048K), 1 survivors (2048K)
 Metaspace       used 29951K, committed 30208K, reserved 1081344K
  class space    used 3528K, committed 3648K, reserved 1048576K
}
Event: 5.325 GC heap before
{Heap before GC invocations=11 (full 0):
 garbage-first heap   total 98304K, used 56049K [0x0000000741800000, 0x0000000800000000)
  region size 2048K, 24 young (49152K), 1 survivors (2048K)
 Metaspace       used 35770K, committed 36096K, reserved 1081344K
  class space    used 4291K, committed 4480K, reserved 1048576K
}
Event: 5.333 GC heap after
{Heap after GC invocations=12 (full 0):
 garbage-first heap   total 98304K, used 15994K [0x0000000741800000, 0x0000000800000000)
  region size 2048K, 3 young (6144K), 3 survivors (6144K)
 Metaspace       used 35770K, committed 36096K, reserved 1081344K
  class space    used 4291K, committed 4480K, reserved 1048576K
}
Event: 6.349 GC heap before
{Heap before GC invocations=13 (full 0):
 garbage-first heap   total 69632K, used 50810K [0x0000000741800000, 0x0000000800000000)
  region size 2048K, 20 young (40960K), 3 survivors (6144K)
 Metaspace       used 43003K, committed 43392K, reserved 1089536K
  class space    used 5411K, committed 5568K, reserved 1048576K
}
Event: 6.372 GC heap after
{Heap after GC invocations=14 (full 0):
 garbage-first heap   total 69632K, used 18334K [0x0000000741800000, 0x0000000800000000)
  region size 2048K, 2 young (4096K), 2 survivors (4096K)
 Metaspace       used 43003K, committed 43392K, reserved 1089536K
  class space    used 5411K, committed 5568K, reserved 1048576K
}
Event: 6.431 GC heap before
{Heap before GC invocations=14 (full 0):
 garbage-first heap   total 69632K, used 20382K [0x0000000741800000, 0x0000000800000000)
  region size 2048K, 3 young (6144K), 2 survivors (4096K)
 Metaspace       used 43504K, committed 43904K, reserved 1089536K
  class space    used 5479K, committed 5632K, reserved 1048576K
}
Event: 6.439 GC heap after
{Heap after GC invocations=15 (full 0):
 garbage-first heap   total 139264K, used 18578K [0x0000000741800000, 0x0000000800000000)
  region size 2048K, 1 young (2048K), 1 survivors (2048K)
 Metaspace       used 43504K, committed 43904K, reserved 1089536K
  class space    used 5479K, committed 5632K, reserved 1048576K
}
Event: 8.580 GC heap before
{Heap before GC invocations=15 (full 0):
 garbage-first heap   total 139264K, used 96402K [0x0000000741800000, 0x0000000800000000)
  region size 2048K, 40 young (81920K), 1 survivors (2048K)
 Metaspace       used 60003K, committed 60416K, reserved 1105920K
  class space    used 7800K, committed 8000K, reserved 1048576K
}
Event: 8.593 GC heap after
{Heap after GC invocations=16 (full 0):
 garbage-first heap   total 139264K, used 22863K [0x0000000741800000, 0x0000000800000000)
  region size 2048K, 3 young (6144K), 3 survivors (6144K)
 Metaspace       used 60003K, committed 60416K, reserved 1105920K
  class space    used 7800K, committed 8000K, reserved 1048576K
}

Deoptimization events (20 events):
Event: 8.079 Thread 0x0000027f161fea60 Uncommon trap: trap_request=0xffffffbe fr.pc=0x0000027f2374297c relative=0x000000000000063c
Event: 8.079 Thread 0x0000027f161fea60 Uncommon trap: reason=profile_predicate action=maybe_recompile pc=0x0000027f2374297c method=java.lang.PublicMethods$MethodList.filter([Ljava/lang/reflect/Method;Ljava/lang/String;[Ljava/lang/Class;Z)Ljava/lang/PublicMethods$MethodList; @ 21 c2
Event: 8.079 Thread 0x0000027f161fea60 DEOPT PACKING pc=0x0000027f2374297c sp=0x000000a1139f8990
Event: 8.079 Thread 0x0000027f161fea60 DEOPT UNPACKING pc=0x0000027f1ba123a3 sp=0x000000a1139f8948 mode 2
Event: 8.080 Thread 0x0000027f161fea60 Uncommon trap: trap_request=0xffffffbe fr.pc=0x0000027f2374297c relative=0x000000000000063c
Event: 8.080 Thread 0x0000027f161fea60 Uncommon trap: reason=profile_predicate action=maybe_recompile pc=0x0000027f2374297c method=java.lang.PublicMethods$MethodList.filter([Ljava/lang/reflect/Method;Ljava/lang/String;[Ljava/lang/Class;Z)Ljava/lang/PublicMethods$MethodList; @ 21 c2
Event: 8.080 Thread 0x0000027f161fea60 DEOPT PACKING pc=0x0000027f2374297c sp=0x000000a1139f7eb0
Event: 8.080 Thread 0x0000027f161fea60 DEOPT UNPACKING pc=0x0000027f1ba123a3 sp=0x000000a1139f7e68 mode 2
Event: 8.080 Thread 0x0000027f161fea60 Uncommon trap: trap_request=0xffffffbe fr.pc=0x0000027f2374297c relative=0x000000000000063c
Event: 8.080 Thread 0x0000027f161fea60 Uncommon trap: reason=profile_predicate action=maybe_recompile pc=0x0000027f2374297c method=java.lang.PublicMethods$MethodList.filter([Ljava/lang/reflect/Method;Ljava/lang/String;[Ljava/lang/Class;Z)Ljava/lang/PublicMethods$MethodList; @ 21 c2
Event: 8.080 Thread 0x0000027f161fea60 DEOPT PACKING pc=0x0000027f2374297c sp=0x000000a1139f7eb0
Event: 8.080 Thread 0x0000027f161fea60 DEOPT UNPACKING pc=0x0000027f1ba123a3 sp=0x000000a1139f7e68 mode 2
Event: 8.130 Thread 0x0000027f161fea60 Uncommon trap: trap_request=0xffffff45 fr.pc=0x0000027f23683fe4 relative=0x0000000000000064
Event: 8.130 Thread 0x0000027f161fea60 Uncommon trap: reason=unstable_if action=reinterpret pc=0x0000027f23683fe4 method=java.lang.Class.getComponentType()Ljava/lang/Class; @ 4 c2
Event: 8.130 Thread 0x0000027f161fea60 DEOPT PACKING pc=0x0000027f23683fe4 sp=0x000000a1139f9b20
Event: 8.130 Thread 0x0000027f161fea60 DEOPT UNPACKING pc=0x0000027f1ba123a3 sp=0x000000a1139f9ab0 mode 2
Event: 8.185 Thread 0x0000027f161fea60 Uncommon trap: trap_request=0xffffff45 fr.pc=0x0000027f236e29e4 relative=0x0000000000001d84
Event: 8.185 Thread 0x0000027f161fea60 Uncommon trap: reason=unstable_if action=reinterpret pc=0x0000027f236e29e4 method=jdk.internal.org.objectweb.asm.Frame.getAbstractTypeFromDescriptor(Ljdk/internal/org/objectweb/asm/SymbolTable;Ljava/lang/String;I)I @ 189 c2
Event: 8.185 Thread 0x0000027f161fea60 DEOPT PACKING pc=0x0000027f236e29e4 sp=0x000000a1139f88f0
Event: 8.185 Thread 0x0000027f161fea60 DEOPT UNPACKING pc=0x0000027f1ba123a3 sp=0x000000a1139f88b0 mode 2

Classes unloaded (0 events):
No events

Classes redefined (0 events):
No events

Internal exceptions (20 events):
Event: 7.031 Thread 0x0000027f161fea60 Exception <a 'java/lang/NoSuchMethodError'{0x0000000749519100}: 'java.lang.Object java.lang.invoke.DirectMethodHandle$Holder.invokeStaticInit(java.lang.Object, java.lang.Object, java.lang.Object, java.lang.Object)'> (0x0000000749519100) 
thrown [e:\jenkins\tmp\workspace\build\src\src\hotspot\share\interpreter\linkResolver.cpp, line 766]
Event: 7.192 Thread 0x0000027f161fea60 Exception <a 'java/lang/NoSuchMethodError'{0x0000000748c1e9a8}: 'java.lang.Object java.lang.invoke.DirectMethodHandle$Holder.newInvokeSpecial(java.lang.Object, java.lang.Object, java.lang.Object, int)'> (0x0000000748c1e9a8) 
thrown [e:\jenkins\tmp\workspace\build\src\src\hotspot\share\interpreter\linkResolver.cpp, line 766]
Event: 7.193 Thread 0x0000027f161fea60 Exception <a 'java/lang/NoSuchMethodError'{0x0000000748c23218}: 'java.lang.Object java.lang.invoke.DirectMethodHandle$Holder.invokeSpecial(java.lang.Object, java.lang.Object, java.lang.Object, java.lang.Object, int)'> (0x0000000748c23218) 
thrown [e:\jenkins\tmp\workspace\build\src\src\hotspot\share\interpreter\linkResolver.cpp, line 766]
Event: 7.193 Thread 0x0000027f161fea60 Exception <a 'java/lang/NoSuchMethodError'{0x0000000748c273e8}: 'java.lang.Object java.lang.invoke.Invokers$Holder.linkToTargetMethod(java.lang.Object, java.lang.Object, int, java.lang.Object)'> (0x0000000748c273e8) 
thrown [e:\jenkins\tmp\workspace\build\src\src\hotspot\share\interpreter\linkResolver.cpp, line 766]
Event: 7.680 Thread 0x0000027f161fea60 Exception <a 'java/lang/IncompatibleClassChangeError'{0x0000000747e62350}: Found class java.lang.Object, but interface was expected> (0x0000000747e62350) 
thrown [e:\jenkins\tmp\workspace\build\src\src\hotspot\share\interpreter\linkResolver.cpp, line 833]
Event: 7.724 Thread 0x0000027f161fea60 Exception <a 'java/lang/NoSuchMethodError'{0x0000000747f3a668}: 'java.lang.Object java.lang.invoke.DirectMethodHandle$Holder.invokeStatic(java.lang.Object, java.lang.Object, int, java.lang.Object)'> (0x0000000747f3a668) 
thrown [e:\jenkins\tmp\workspace\build\src\src\hotspot\share\interpreter\linkResolver.cpp, line 766]
Event: 7.725 Thread 0x0000027f161fea60 Exception <a 'java/lang/NoSuchMethodError'{0x0000000747f3e650}: 'java.lang.Object java.lang.invoke.DirectMethodHandle$Holder.invokeStaticInit(java.lang.Object, java.lang.Object, int, java.lang.Object)'> (0x0000000747f3e650) 
thrown [e:\jenkins\tmp\workspace\build\src\src\hotspot\share\interpreter\linkResolver.cpp, line 766]
Event: 8.438 Thread 0x0000027f161fea60 Exception <a 'java/lang/NoSuchMethodError'{0x0000000745713680}: 'void java.lang.invoke.DirectMethodHandle$Holder.invokeStatic(java.lang.Object, java.lang.Object, java.lang.Object, int, java.lang.Object)'> (0x0000000745713680) 
thrown [e:\jenkins\tmp\workspace\build\src\src\hotspot\share\interpreter\linkResolver.cpp, line 766]
Event: 8.439 Thread 0x0000027f161fea60 Exception <a 'java/lang/NoSuchMethodError'{0x0000000745721650}: 'void java.lang.invoke.DirectMethodHandle$Holder.invokeInterface(java.lang.Object, java.lang.Object, int, java.lang.Object)'> (0x0000000745721650) 
thrown [e:\jenkins\tmp\workspace\build\src\src\hotspot\share\interpreter\linkResolver.cpp, line 766]
Event: 8.443 Thread 0x0000027f161fea60 Exception <a 'java/lang/NoSuchMethodError'{0x000000074574aa98}: 'java.lang.Object java.lang.invoke.DirectMethodHandle$Holder.newInvokeSpecial(java.lang.Object, java.lang.Object, int, java.lang.Object)'> (0x000000074574aa98) 
thrown [e:\jenkins\tmp\workspace\build\src\src\hotspot\share\interpreter\linkResolver.cpp, line 766]
Event: 8.443 Thread 0x0000027f161fea60 Exception <a 'java/lang/NoSuchMethodError'{0x000000074574ee58}: 'java.lang.Object java.lang.invoke.Invokers$Holder.linkToTargetMethod(java.lang.Object, int, java.lang.Object, java.lang.Object)'> (0x000000074574ee58) 
thrown [e:\jenkins\tmp\workspace\build\src\src\hotspot\share\interpreter\linkResolver.cpp, line 766]
Event: 8.457 Thread 0x0000027f161fea60 Exception <a 'java/lang/NoSuchMethodError'{0x00000007457f9468}: 'java.lang.Object java.lang.invoke.DirectMethodHandle$Holder.newInvokeSpecial(java.lang.Object, java.lang.Object, int)'> (0x00000007457f9468) 
thrown [e:\jenkins\tmp\workspace\build\src\src\hotspot\share\interpreter\linkResolver.cpp, line 766]
Event: 8.482 Thread 0x0000027f161fea60 Exception <a 'java/lang/NoSuchMethodError'{0x000000074555f888}: 'int java.lang.invoke.DirectMethodHandle$Holder.invokeStatic(java.lang.Object, int, java.lang.Object)'> (0x000000074555f888) 
thrown [e:\jenkins\tmp\workspace\build\src\src\hotspot\share\interpreter\linkResolver.cpp, line 766]
Event: 8.484 Thread 0x0000027f161fea60 Exception <a 'java/lang/NoSuchMethodError'{0x0000000745581698}: 'java.lang.Object java.lang.invoke.DirectMethodHandle$Holder.newInvokeSpecial(java.lang.Object, java.lang.Object, java.lang.Object, java.lang.Object, java.lang.Object, int, java.lang.Object)'> (0x0000000745581698) 
thrown [e:\jenkins\tmp\workspace\build\src\src\hotspot\share\interpreter\linkResolver.cpp, line 766]
Event: 8.489 Thread 0x0000027f161fea60 Exception <a 'java/lang/NoSuchMethodError'{0x00000007455bb5f8}: 'java.lang.Object java.lang.invoke.DirectMethodHandle$Holder.newInvokeSpecial(java.lang.Object, java.lang.Object, java.lang.Object, java.lang.Object, java.lang.Object, java.lang.Object, java.lang.Object, java.lang.Object, java.lang.Object, java.lang.Object, java.lang.Object, java.lang.Object)'> (0x00000007455bb5f8) 
thrown [e:\jenkins\tmp\workspace\build\src\src\hotspot\share\interpreter\linkResolver.cpp, line 766]
Event: 8.489 Thread 0x0000027f161fea60 Exception <a 'java/lang/NoSuchMethodError'{0x00000007455c0888}: 'java.lang.Object java.lang.invoke.DirectMethodHandle$Holder.invokeSpecial(java.lang.Object, java.lang.Object, java.lang.Object, java.lang.Object, java.lang.Object, java.lang.Object, java.lang.Object, java.lang.Object, java.lang.Object, java.lang.Object, java.lang.Object, java.lang.Object, java.lang.Object)'> (0x00000007455c0888) 
thrown [e:\jenkins\tmp\workspace\build\src\src\hotspot\share\interpreter\linkResolver.cpp, line 766]
Event: 8.489 Thread 0x0000027f161fea60 Exception <a 'java/lang/NoSuchMethodError'{0x00000007455c5798}: 'java.lang.Object java.lang.invoke.Invokers$Holder.linkToTargetMethod(java.lang.Object, java.lang.Object, java.lang.Object, java.lang.Object, java.lang.Object, java.lang.Object, java.lang.Object, java.lang.Object, java.lang.Object, java.lang.Object, java.lang.Object, java.lang.Object)'> (0x00000007455c5798) 
thrown [e:\jenkins\tmp\workspace\build\src\src\hotspot\share\interpreter\linkResolver.cpp, line 766]
Event: 8.544 Thread 0x0000027f161fea60 Exception <a 'java/lang/NoSuchMethodError'{0x000000074503a040}: 'java.lang.Object java.lang.invoke.DirectMethodHandle$Holder.newInvokeSpecial(java.lang.Object, java.lang.Object, java.lang.Object, java.lang.Object, java.lang.Object, java.lang.Object, java.lang.Object, int)'> (0x000000074503a040) 
thrown [e:\jenkins\tmp\workspace\build\src\src\hotspot\share\interpreter\linkResolver.cpp, line 766]
Event: 8.544 Thread 0x0000027f161fea60 Exception <a 'java/lang/NoSuchMethodError'{0x000000074503f830}: 'java.lang.Object java.lang.invoke.DirectMethodHandle$Holder.invokeSpecial(java.lang.Object, java.lang.Object, java.lang.Object, java.lang.Object, java.lang.Object, java.lang.Object, java.lang.Object, java.lang.Object, int)'> (0x000000074503f830) 
thrown [e:\jenkins\tmp\workspace\build\src\src\hotspot\share\interpreter\linkResolver.cpp, line 766]
Event: 8.544 Thread 0x0000027f161fea60 Exception <a 'java/lang/NoSuchMethodError'{0x0000000745044af0}: 'java.lang.Object java.lang.invoke.Invokers$Holder.linkToTargetMethod(java.lang.Object, java.lang.Object, java.lang.Object, java.lang.Object, java.lang.Object, java.lang.Object, int, java.lang.Object)'> (0x0000000745044af0) 
thrown [e:\jenkins\tmp\workspace\build\src\src\hotspot\share\interpreter\linkResolver.cpp, line 766]

VM Operations (20 events):
Event: 6.641 Executing VM operation: HandshakeAllThreads
Event: 6.641 Executing VM operation: HandshakeAllThreads done
Event: 6.642 Executing VM operation: HandshakeAllThreads
Event: 6.642 Executing VM operation: HandshakeAllThreads done
Event: 6.971 Executing VM operation: HandshakeAllThreads
Event: 6.971 Executing VM operation: HandshakeAllThreads done
Event: 7.330 Executing VM operation: ICBufferFull
Event: 7.330 Executing VM operation: ICBufferFull done
Event: 7.464 Executing VM operation: HandshakeAllThreads
Event: 7.464 Executing VM operation: HandshakeAllThreads done
Event: 8.240 Executing VM operation: ICBufferFull
Event: 8.240 Executing VM operation: ICBufferFull done
Event: 8.307 Executing VM operation: ICBufferFull
Event: 8.307 Executing VM operation: ICBufferFull done
Event: 8.397 Executing VM operation: ICBufferFull
Event: 8.397 Executing VM operation: ICBufferFull done
Event: 8.557 Executing VM operation: HandshakeAllThreads
Event: 8.557 Executing VM operation: HandshakeAllThreads done
Event: 8.579 Executing VM operation: CollectForMetadataAllocation
Event: 8.593 Executing VM operation: CollectForMetadataAllocation done

Events (20 events):
Event: 7.568 loading class java/util/concurrent/ForkJoinPool$ForkJoinWorkerThreadFactory
Event: 7.568 loading class java/util/concurrent/ForkJoinPool$ForkJoinWorkerThreadFactory done
Event: 7.568 loading class java/util/concurrent/ForkJoinPool$DefaultForkJoinWorkerThreadFactory done
Event: 7.568 loading class java/util/concurrent/ForkJoinPool$1
Event: 7.568 loading class java/util/concurrent/ForkJoinPool$1 done
Event: 7.568 loading class java/util/concurrent/ForkJoinPool$DefaultCommonPoolForkJoinWorkerThreadFactory
Event: 7.568 loading class java/util/concurrent/ForkJoinPool$DefaultCommonPoolForkJoinWorkerThreadFactory done
Event: 7.568 loading class java/util/concurrent/ForkJoinPool$WorkQueue
Event: 7.568 loading class java/util/concurrent/ForkJoinPool$WorkQueue done
Event: 7.568 loading class java/util/concurrent/CompletableFuture$Completion
Event: 7.568 loading class java/util/concurrent/CompletableFuture$AsynchronousCompletionTask
Event: 7.569 loading class java/util/concurrent/CompletableFuture$AsynchronousCompletionTask done
Event: 7.569 loading class java/util/concurrent/ForkJoinTask
Event: 7.569 loading class java/util/concurrent/ForkJoinTask done
Event: 7.569 loading class java/util/concurrent/CompletableFuture$Completion done
Event: 7.899 Thread 0x0000027f35d13410 Thread exited: 0x0000027f35d13410
Event: 8.144 loading class java/lang/reflect/AnnotatedArrayType
Event: 8.144 loading class java/lang/reflect/AnnotatedArrayType done
Event: 8.413 loading class jdk/internal/reflect/UnsafeObjectFieldAccessorImpl
Event: 8.413 loading class jdk/internal/reflect/UnsafeObjectFieldAccessorImpl done


Dynamic libraries:
0x00007ff7ff9b0000 - 0x00007ff7ff9be000 	D:\SW1\sts\sts-4.13.1.RELEASE\plugins\org.eclipse.justj.openjdk.hotspot.jre.full.win32.x86_64_17.0.1.v20211116-1657\jre\bin\java.exe
0x00007ffa62fd0000 - 0x00007ffa631c8000 	C:\Windows\SYSTEM32\ntdll.dll
0x00007ffa61e60000 - 0x00007ffa61f1d000 	C:\Windows\System32\KERNEL32.DLL
0x00007ffa60c90000 - 0x00007ffa60f86000 	C:\Windows\System32\KERNELBASE.dll
0x00007ffa60b90000 - 0x00007ffa60c90000 	C:\Windows\System32\ucrtbase.dll
0x00007ffa53550000 - 0x00007ffa53569000 	D:\SW1\sts\sts-4.13.1.RELEASE\plugins\org.eclipse.justj.openjdk.hotspot.jre.full.win32.x86_64_17.0.1.v20211116-1657\jre\bin\VCRUNTIME140.dll
0x00007ffa4d520000 - 0x00007ffa4d538000 	D:\SW1\sts\sts-4.13.1.RELEASE\plugins\org.eclipse.justj.openjdk.hotspot.jre.full.win32.x86_64_17.0.1.v20211116-1657\jre\bin\jli.dll
0x00007ffa61cc0000 - 0x00007ffa61e5e000 	C:\Windows\System32\USER32.dll
0x00007ffa568e0000 - 0x00007ffa56b7a000 	C:\Windows\WinSxS\amd64_microsoft.windows.common-controls_6595b64144ccf1df_6.0.19041.3636_none_60b6a03d71f818d5\COMCTL32.dll
0x00007ffa60b30000 - 0x00007ffa60b52000 	C:\Windows\System32\win32u.dll
0x00007ffa62550000 - 0x00007ffa625ee000 	C:\Windows\System32\msvcrt.dll
0x00007ffa61020000 - 0x00007ffa6104c000 	C:\Windows\System32\GDI32.dll
0x00007ffa60810000 - 0x00007ffa6092a000 	C:\Windows\System32\gdi32full.dll
0x00007ffa60930000 - 0x00007ffa609cd000 	C:\Windows\System32\msvcp_win.dll
0x00007ffa62240000 - 0x00007ffa62270000 	C:\Windows\System32\IMM32.DLL
0x0000000059270000 - 0x000000005927c000 	C:\Program Files (x86)\360\Total Security\safemon\SafeWrapper.dll
0x00007ffa3f210000 - 0x00007ffa3f21c000 	D:\SW1\sts\sts-4.13.1.RELEASE\plugins\org.eclipse.justj.openjdk.hotspot.jre.full.win32.x86_64_17.0.1.v20211116-1657\jre\bin\vcruntime140_1.dll
0x00007ffa23ef0000 - 0x00007ffa23f81000 	D:\SW1\sts\sts-4.13.1.RELEASE\plugins\org.eclipse.justj.openjdk.hotspot.jre.full.win32.x86_64_17.0.1.v20211116-1657\jre\bin\msvcp140.dll
0x00007ff9df2c0000 - 0x00007ff9dff06000 	D:\SW1\sts\sts-4.13.1.RELEASE\plugins\org.eclipse.justj.openjdk.hotspot.jre.full.win32.x86_64_17.0.1.v20211116-1657\jre\bin\server\jvm.dll
0x00007ffa62180000 - 0x00007ffa62233000 	C:\Windows\System32\ADVAPI32.dll
0x00007ffa61930000 - 0x00007ffa619cf000 	C:\Windows\System32\sechost.dll
0x00007ffa62420000 - 0x00007ffa62546000 	C:\Windows\System32\RPCRT4.dll
0x00007ffa60b60000 - 0x00007ffa60b87000 	C:\Windows\System32\bcrypt.dll
0x00007ffa61f30000 - 0x00007ffa61f38000 	C:\Windows\System32\PSAPI.DLL
0x00007ffa55320000 - 0x00007ffa55329000 	C:\Windows\SYSTEM32\WSOCK32.dll
0x00007ffa56700000 - 0x00007ffa56727000 	C:\Windows\SYSTEM32\WINMM.dll
0x00007ffa619d0000 - 0x00007ffa61a3b000 	C:\Windows\System32\WS2_32.dll
0x00007ffa60130000 - 0x00007ffa6013a000 	C:\Windows\SYSTEM32\VERSION.dll
0x00007ffa5eec0000 - 0x00007ffa5eed2000 	C:\Windows\SYSTEM32\kernel.appcore.dll
0x00007ffa505e0000 - 0x00007ffa505ea000 	D:\SW1\sts\sts-4.13.1.RELEASE\plugins\org.eclipse.justj.openjdk.hotspot.jre.full.win32.x86_64_17.0.1.v20211116-1657\jre\bin\jimage.dll
0x00007ffa5eb80000 - 0x00007ffa5ed64000 	C:\Windows\SYSTEM32\DBGHELP.DLL
0x00007ffa595b0000 - 0x00007ffa595e4000 	C:\Windows\SYSTEM32\dbgcore.DLL
0x00007ffa60f90000 - 0x00007ffa61012000 	C:\Windows\System32\bcryptPrimitives.dll
0x00007ffa1c850000 - 0x00007ffa1c875000 	D:\SW1\sts\sts-4.13.1.RELEASE\plugins\org.eclipse.justj.openjdk.hotspot.jre.full.win32.x86_64_17.0.1.v20211116-1657\jre\bin\java.dll
0x00007ffa32c10000 - 0x00007ffa32c28000 	D:\SW1\sts\sts-4.13.1.RELEASE\plugins\org.eclipse.justj.openjdk.hotspot.jre.full.win32.x86_64_17.0.1.v20211116-1657\jre\bin\zip.dll
0x00007ffa627e0000 - 0x00007ffa62f25000 	C:\Windows\System32\SHELL32.dll
0x00007ffa5e310000 - 0x00007ffa5eaab000 	C:\Windows\SYSTEM32\windows.storage.dll
0x00007ffa615d0000 - 0x00007ffa61924000 	C:\Windows\System32\combase.dll
0x00007ffa5ff90000 - 0x00007ffa5ffbd000 	C:\Windows\SYSTEM32\Wldp.dll
0x00007ffa620d0000 - 0x00007ffa6217d000 	C:\Windows\System32\SHCORE.dll
0x00007ffa61c60000 - 0x00007ffa61cb5000 	C:\Windows\System32\shlwapi.dll
0x00007ffa605d0000 - 0x00007ffa605f5000 	C:\Windows\SYSTEM32\profapi.dll
0x00007ffa32790000 - 0x00007ffa327a9000 	D:\SW1\sts\sts-4.13.1.RELEASE\plugins\org.eclipse.justj.openjdk.hotspot.jre.full.win32.x86_64_17.0.1.v20211116-1657\jre\bin\net.dll
0x00007ffa58810000 - 0x00007ffa5891a000 	C:\Windows\SYSTEM32\WINHTTP.dll
0x00007ffa5fcf0000 - 0x00007ffa5fd5a000 	C:\Windows\system32\mswsock.dll
0x00007ffa2f490000 - 0x00007ffa2f4a5000 	D:\SW1\sts\sts-4.13.1.RELEASE\plugins\org.eclipse.justj.openjdk.hotspot.jre.full.win32.x86_64_17.0.1.v20211116-1657\jre\bin\nio.dll
0x00007ffa3a510000 - 0x00007ffa3a519000 	D:\SW1\sts\sts-4.13.1.RELEASE\plugins\org.eclipse.justj.openjdk.hotspot.jre.full.win32.x86_64_17.0.1.v20211116-1657\jre\bin\management.dll
0x00007ffa3a350000 - 0x00007ffa3a35b000 	D:\SW1\sts\sts-4.13.1.RELEASE\plugins\org.eclipse.justj.openjdk.hotspot.jre.full.win32.x86_64_17.0.1.v20211116-1657\jre\bin\management_ext.dll
0x00007ffa3d5c0000 - 0x00007ffa3d5ce000 	D:\SW1\sts\sts-4.13.1.RELEASE\plugins\org.eclipse.justj.openjdk.hotspot.jre.full.win32.x86_64_17.0.1.v20211116-1657\jre\bin\sunmscapi.dll
0x00007ffa609d0000 - 0x00007ffa60b2d000 	C:\Windows\System32\CRYPT32.dll
0x00007ffa60000000 - 0x00007ffa60028000 	C:\Windows\SYSTEM32\ncrypt.dll
0x00007ffa5ffc0000 - 0x00007ffa5fffb000 	C:\Windows\SYSTEM32\NTASN1.dll
0x00007ffa5fee0000 - 0x00007ffa5fef8000 	C:\Windows\SYSTEM32\CRYPTSP.dll
0x00007ffa5f620000 - 0x00007ffa5f654000 	C:\Windows\system32\rsaenh.dll
0x00007ffa60550000 - 0x00007ffa6057e000 	C:\Windows\SYSTEM32\USERENV.dll
0x00007ffa5ff00000 - 0x00007ffa5ff0c000 	C:\Windows\SYSTEM32\CRYPTBASE.dll
0x00007ffa5f9e0000 - 0x00007ffa5fa1b000 	C:\Windows\SYSTEM32\IPHLPAPI.DLL
0x00007ffa61a60000 - 0x00007ffa61a68000 	C:\Windows\System32\NSI.dll
0x00007ffa59540000 - 0x00007ffa59557000 	C:\Windows\SYSTEM32\dhcpcsvc6.DLL
0x00007ffa5a340000 - 0x00007ffa5a35d000 	C:\Windows\SYSTEM32\dhcpcsvc.DLL
0x00007ffa5fa20000 - 0x00007ffa5faea000 	C:\Windows\SYSTEM32\DNSAPI.dll
0x00007ffa400a0000 - 0x00007ffa400b0000 	D:\SW1\sts\sts-4.13.1.RELEASE\plugins\org.eclipse.justj.openjdk.hotspot.jre.full.win32.x86_64_17.0.1.v20211116-1657\jre\bin\verify.dll
0x00007ffa56420000 - 0x00007ffa5642a000 	C:\Windows\System32\rasadhlp.dll
0x00007ffa56440000 - 0x00007ffa564c0000 	C:\Windows\System32\fwpuclnt.dll

dbghelp: loaded successfully - version: 4.0.5 - missing functions: none
symbol engine: initialized successfully - sym options: 0x614 - pdb path: .;D:\SW1\sts\sts-4.13.1.RELEASE\plugins\org.eclipse.justj.openjdk.hotspot.jre.full.win32.x86_64_17.0.1.v20211116-1657\jre\bin;C:\Windows\SYSTEM32;C:\Windows\WinSxS\amd64_microsoft.windows.common-controls_6595b64144ccf1df_6.0.19041.3636_none_60b6a03d71f818d5;C:\Program Files (x86)\360\Total Security\safemon;D:\SW1\sts\sts-4.13.1.RELEASE\plugins\org.eclipse.justj.openjdk.hotspot.jre.full.win32.x86_64_17.0.1.v20211116-1657\jre\bin\server

VM Arguments:
java_command: C:\Users\Admin\AppData\Local\Temp\surefire13344087296876804190\surefirebooter-20240202182620123_3.jar C:\Users\Admin\AppData\Local\Temp\surefire13344087296876804190 2024-02-02T18-26-19_898-jvmRun1 surefire-20240202182620123_1tmp surefire_0-20240202182620123_2tmp
java_class_path (initial): C:\Users\Admin\AppData\Local\Temp\surefire13344087296876804190\surefirebooter-20240202182620123_3.jar
Launcher Type: SUN_STANDARD

[Global flags]
     intx CICompilerCount                          = 4                                         {product} {ergonomic}
     uint ConcGCThreads                            = 2                                         {product} {ergonomic}
     uint G1ConcRefinementThreads                  = 8                                         {product} {ergonomic}
   size_t G1HeapRegionSize                         = 2097152                                   {product} {ergonomic}
    uintx GCDrainStackTargetSize                   = 64                                        {product} {ergonomic}
   size_t InitialHeapSize                          = 201326592                                 {product} {ergonomic}
   size_t MarkStackSize                            = 4194304                                   {product} {ergonomic}
   size_t MaxHeapSize                              = 3196059648                                {product} {ergonomic}
   size_t MaxNewSize                               = 1916796928                                {product} {ergonomic}
   size_t MinHeapDeltaBytes                        = 2097152                                   {product} {ergonomic}
   size_t MinHeapSize                              = 8388608                                   {product} {ergonomic}
    uintx NonNMethodCodeHeapSize                   = 5839372                                {pd product} {ergonomic}
    uintx NonProfiledCodeHeapSize                  = 122909434                              {pd product} {ergonomic}
    uintx ProfiledCodeHeapSize                     = 122909434                              {pd product} {ergonomic}
    uintx ReservedCodeCacheSize                    = 251658240                              {pd product} {ergonomic}
     bool SegmentedCodeCache                       = true                                      {product} {ergonomic}
   size_t SoftMaxHeapSize                          = 3196059648                             {manageable} {ergonomic}
     bool UseCompressedClassPointers               = true                           {product lp64_product} {ergonomic}
     bool UseCompressedOops                        = true                           {product lp64_product} {ergonomic}
     bool UseG1GC                                  = true                                      {product} {ergonomic}
     bool UseLargePagesIndividualAllocation        = false                                  {pd product} {ergonomic}

Logging:
Log output configuration:
 #0: stdout all=warning uptime,level,tags
 #1: stderr all=off uptime,level,tags

Environment Variables:
PATH=D:/SW1/sts/sts-4.13.1.RELEASE//plugins/org.eclipse.justj.openjdk.hotspot.jre.full.win32.x86_64_17.0.1.v20211116-1657/jre/bin/server;D:/SW1/sts/sts-4.13.1.RELEASE//plugins/org.eclipse.justj.openjdk.hotspot.jre.full.win32.x86_64_17.0.1.v20211116-1657/jre/bin;C:\Program Files\Common Files\Oracle\Java\javapath;C:\ProgramData\Oracle\Java\javapath;C:\Windows\system32;C:\Windows;C:\Windows\System32\Wbem;C:\Windows\System32\WindowsPowerShell\v1.0\;C:\Windows\System32\OpenSSH\;C:\Program Files\Microsoft VS Code\bin;C:\Program Files\TortoiseSVN\bin;node_modules\npm\bin;C:\Users\Admin\AppData\Roaming\nvm;C:\Program Files\nodejs;C:\Program Files\dotnet\;C:\Program Files\Microsoft SQL Server\130\Tools\Binn\;C:\Program Files\Microsoft SQL Server\Client SDK\ODBC\170\Tools\Binn\;C:\Program Files\WireGuard\;C:\Program Files (x86)\Microsoft SQL Server\90\Tools\binn\;C:\Program Files\PuTTY\;C:\Program Files\Git\cmd;C:\Users\Admin\AppData\Local\Microsoft\WindowsApps;C:\ProgramData\Admin\GitHubDesktop\bin;C:\Users\Admin\AppData\Local\GitHubDesktop\bin;C:\Users\Admin\AppData\Roaming\npm;C:\Users\Admin\AppData\Roaming\nvm;C:\Program Files\nodejs;C:\Users\Admin\.dotnet\tools;C:\Program Files\MongoDB\Server\7.0\bin;C:\flutter\bin;C:\Program Files\heroku\bin;D:\SW1\sts\sts-4.13.1.RELEASE;
USERNAME=Admin
OS=Windows_NT
PROCESSOR_IDENTIFIER=Intel64 Family 6 Model 142 Stepping 10, GenuineIntel



---------------  S Y S T E M  ---------------

OS:
 Windows 10 , 64 bit Build 19041 (10.0.19041.3636)
OS uptime: 3 days 0:32 hours

CPU: total 8 (initial active 8) (4 cores per cpu, 2 threads per core) family 6 model 142 stepping 10 microcode 0xf0, cx8, cmov, fxsr, ht, mmx, 3dnowpref, sse, sse2, sse3, ssse3, sse4.1, sse4.2, popcnt, lzcnt, tsc, tscinvbit, avx, avx2, aes, erms, clmul, bmi1, bmi2, adx, fma, vzeroupper, clflush, clflushopt

Memory: 4k page, system-wide physical 12185M (254M free)
TotalPageFile size 37731M (AvailPageFile size 8M)
current process WorkingSet (physical memory assigned to process): 300M, peak: 300M
current process commit charge ("private bytes"): 337M, peak: 339M

vm_info: OpenJDK 64-Bit Server VM (17.0.1+12) for windows-amd64 JRE (17.0.1+12), built on Oct 20 2021 07:42:55 by "" with MS VC++ 16.7 (VS2019)

END.
